\BOOKMARK [1][-]{section.1}{\332vod}{}% 1
\BOOKMARK [2][-]{subsection.1.1}{\332cel dokumentu}{section.1}% 2
\BOOKMARK [2][-]{subsection.1.2}{\332vod do problematiky}{section.1}% 3
\BOOKMARK [1][-]{section.2}{Celkov\375 popis}{}% 4
\BOOKMARK [2][-]{subsection.2.1}{Popis syst\351mu}{section.2}% 5
\BOOKMARK [2][-]{subsection.2.2}{Z\341kladn\355 popis funkc\355 aplikace pro PC}{section.2}% 6
\BOOKMARK [2][-]{subsection.2.3}{Z\341kladn\355 popis funkc\355 aplikace pro mobiln\355 telefony}{section.2}% 7
\BOOKMARK [2][-]{subsection.2.4}{Behov\351 prostred\355}{section.2}% 8
\BOOKMARK [2][-]{subsection.2.5}{Dokumentace}{section.2}% 9
\BOOKMARK [2][-]{subsection.2.6}{Predpokl\341dan\341 dal\235\355 roz\235\355ren\355}{section.2}% 10
\BOOKMARK [2][-]{subsection.2.7}{Negativn\355 vymezen\355}{section.2}% 11
\BOOKMARK [1][-]{section.3}{Po\236adavky na u\236ivatelsk\351 rozhran\355}{}% 12
\BOOKMARK [2][-]{subsection.3.1}{Aplikace pro mobiln\355 telefony}{section.3}% 13
\BOOKMARK [3][-]{subsubsection.3.1.1}{Servis}{subsection.3.1}% 14
\BOOKMARK [3][-]{subsubsection.3.1.2}{Doplnen\355 automatu}{subsection.3.1}% 15
\BOOKMARK [3][-]{subsubsection.3.1.3}{Inventura}{subsection.3.1}% 16
\BOOKMARK [2][-]{subsection.3.2}{Aplikace pro PC}{section.3}% 17
\BOOKMARK [3][-]{subsubsection.3.2.1}{Rozhran\355 pro skladn\355ka}{subsection.3.2}% 18
\BOOKMARK [3][-]{subsubsection.3.2.2}{Rozhran\355 pro veden\355}{subsection.3.2}% 19
\BOOKMARK [1][-]{section.4}{Funkce aplikace}{}% 20
\BOOKMARK [2][-]{subsection.4.1}{Instalace}{section.4}% 21
\BOOKMARK [1][-]{section.5}{Nefunkcn\355 po\236adavky}{}% 22
\BOOKMARK [2][-]{subsection.5.1}{Lokalizace}{section.5}% 23
\BOOKMARK [2][-]{subsection.5.2}{Po\236adavky na v\375kon}{section.5}% 24
\BOOKMARK [2][-]{subsection.5.3}{Bezpecnostn\355 opatren\355}{section.5}% 25
\BOOKMARK [2][-]{subsection.5.4}{Licencn\355 ujedn\341n\355}{section.5}% 26
